[0.151s] DEBUG:colcon:Command line arguments: ['/usr/bin/colcon', 'list', '-p', '--base-paths', '/home/jason/D/HRS/my-HRS-fork-from-ZhaoYuan/src', '--log-base', '/dev/null']
[0.151s] DEBUG:colcon:Parsed command line arguments: Namespace(log_base=None, log_level=None, verb_name='list', build_base='build', ignore_user_meta=False, metas=['./colcon.meta'], base_paths=['/home/jason/D/HRS/my-HRS-fork-from-ZhaoYuan/src', '--log-base', '/dev/null'], packages_ignore=None, packages_ignore_regex=None, paths=None, packages_up_to=None, packages_up_to_regex=None, packages_above=None, packages_above_and_dependencies=None, packages_above_depth=None, packages_select_by_dep=None, packages_skip_by_dep=None, packages_skip_up_to=None, packages_select_build_failed=False, packages_skip_build_finished=False, packages_select_test_failures=False, packages_skip_test_passed=False, packages_select=None, packages_skip=None, packages_select_regex=None, packages_skip_regex=None, packages_start=None, packages_end=None, allow_overriding=[], topological_order=False, names_only=False, paths_only=True, topological_graph=False, topological_graph_dot=False, topological_graph_density=False, topological_graph_legend=False, topological_graph_dot_cluster=False, topological_graph_dot_include_skipped=False, mixin_files=None, mixin=None, verb_parser=<colcon_mixin.mixin.mixin_argument.MixinArgumentDecorator object at 0x7a9d8478c6e0>, verb_extension=<colcon_package_information.verb.list.ListVerb object at 0x7a9d8488b920>, main=<bound method ListVerb.main of <colcon_package_information.verb.list.ListVerb object at 0x7a9d8488b920>>, mixin_verb=('list',))
[0.195s] Level 1:colcon.colcon_core.package_discovery:discover_packages(colcon_meta) check parameters
[0.195s] Level 1:colcon.colcon_core.package_discovery:discover_packages(recursive) check parameters
[0.195s] Level 1:colcon.colcon_core.package_discovery:discover_packages(ignore) check parameters
[0.195s] Level 1:colcon.colcon_core.package_discovery:discover_packages(path) check parameters
[0.195s] Level 1:colcon.colcon_core.package_discovery:discover_packages(recursive) discover
[0.195s] INFO:colcon.colcon_core.package_discovery:Crawling recursively for packages in '/home/jason/D/HRS/my-HRS-fork-from-ZhaoYuan/src', '/home/jason/D/HRS/my-HRS-fork-from-ZhaoYuan/src/--log-base', '/dev/null'
[0.195s] Level 1:colcon.colcon_core.package_identification:_identify(/home/jason/D/HRS/my-HRS-fork-from-ZhaoYuan/src) by extensions ['ignore', 'ignore_ament_install']
[0.195s] Level 1:colcon.colcon_core.package_identification:_identify(/home/jason/D/HRS/my-HRS-fork-from-ZhaoYuan/src) by extension 'ignore'
[0.195s] Level 1:colcon.colcon_core.package_identification:_identify(/home/jason/D/HRS/my-HRS-fork-from-ZhaoYuan/src) by extension 'ignore_ament_install'
[0.195s] Level 1:colcon.colcon_core.package_identification:_identify(/home/jason/D/HRS/my-HRS-fork-from-ZhaoYuan/src) by extensions ['colcon_pkg']
[0.195s] Level 1:colcon.colcon_core.package_identification:_identify(/home/jason/D/HRS/my-HRS-fork-from-ZhaoYuan/src) by extension 'colcon_pkg'
[0.195s] Level 1:colcon.colcon_core.package_identification:_identify(/home/jason/D/HRS/my-HRS-fork-from-ZhaoYuan/src) by extensions ['colcon_meta']
[0.195s] Level 1:colcon.colcon_core.package_identification:_identify(/home/jason/D/HRS/my-HRS-fork-from-ZhaoYuan/src) by extension 'colcon_meta'
[0.196s] Level 1:colcon.colcon_core.package_identification:_identify(/home/jason/D/HRS/my-HRS-fork-from-ZhaoYuan/src) by extensions ['ros']
[0.196s] Level 1:colcon.colcon_core.package_identification:_identify(/home/jason/D/HRS/my-HRS-fork-from-ZhaoYuan/src) by extension 'ros'
[0.226s] Level 1:colcon.colcon_core.package_identification:_identify(/home/jason/D/HRS/my-HRS-fork-from-ZhaoYuan/src) by extensions ['cmake', 'python']
[0.226s] Level 1:colcon.colcon_core.package_identification:_identify(/home/jason/D/HRS/my-HRS-fork-from-ZhaoYuan/src) by extension 'cmake'
[0.226s] Level 1:colcon.colcon_core.package_identification:_identify(/home/jason/D/HRS/my-HRS-fork-from-ZhaoYuan/src) by extension 'python'
[0.226s] Level 1:colcon.colcon_core.package_identification:_identify(/home/jason/D/HRS/my-HRS-fork-from-ZhaoYuan/src) by extensions ['python_setup_py']
[0.226s] Level 1:colcon.colcon_core.package_identification:_identify(/home/jason/D/HRS/my-HRS-fork-from-ZhaoYuan/src) by extension 'python_setup_py'
[0.226s] Level 1:colcon.colcon_core.package_identification:_identify(/home/jason/D/HRS/my-HRS-fork-from-ZhaoYuan/src/ainex_motion) by extensions ['ignore', 'ignore_ament_install']
[0.226s] Level 1:colcon.colcon_core.package_identification:_identify(/home/jason/D/HRS/my-HRS-fork-from-ZhaoYuan/src/ainex_motion) by extension 'ignore'
[0.226s] Level 1:colcon.colcon_core.package_identification:_identify(/home/jason/D/HRS/my-HRS-fork-from-ZhaoYuan/src/ainex_motion) by extension 'ignore_ament_install'
[0.226s] Level 1:colcon.colcon_core.package_identification:_identify(/home/jason/D/HRS/my-HRS-fork-from-ZhaoYuan/src/ainex_motion) by extensions ['colcon_pkg']
[0.226s] Level 1:colcon.colcon_core.package_identification:_identify(/home/jason/D/HRS/my-HRS-fork-from-ZhaoYuan/src/ainex_motion) by extension 'colcon_pkg'
[0.226s] Level 1:colcon.colcon_core.package_identification:_identify(/home/jason/D/HRS/my-HRS-fork-from-ZhaoYuan/src/ainex_motion) by extensions ['colcon_meta']
[0.226s] Level 1:colcon.colcon_core.package_identification:_identify(/home/jason/D/HRS/my-HRS-fork-from-ZhaoYuan/src/ainex_motion) by extension 'colcon_meta'
[0.226s] Level 1:colcon.colcon_core.package_identification:_identify(/home/jason/D/HRS/my-HRS-fork-from-ZhaoYuan/src/ainex_motion) by extensions ['ros']
[0.226s] Level 1:colcon.colcon_core.package_identification:_identify(/home/jason/D/HRS/my-HRS-fork-from-ZhaoYuan/src/ainex_motion) by extension 'ros'
[0.228s] DEBUG:colcon.colcon_core.package_identification:Package '/home/jason/D/HRS/my-HRS-fork-from-ZhaoYuan/src/ainex_motion' with type 'ros.ament_python' and name 'ainex_motion'
[0.229s] Level 1:colcon.colcon_core.package_identification:_identify(/home/jason/D/HRS/my-HRS-fork-from-ZhaoYuan/src/ainex_vision) by extensions ['ignore', 'ignore_ament_install']
[0.229s] Level 1:colcon.colcon_core.package_identification:_identify(/home/jason/D/HRS/my-HRS-fork-from-ZhaoYuan/src/ainex_vision) by extension 'ignore'
[0.229s] Level 1:colcon.colcon_core.package_identification:_identify(/home/jason/D/HRS/my-HRS-fork-from-ZhaoYuan/src/ainex_vision) by extension 'ignore_ament_install'
[0.229s] Level 1:colcon.colcon_core.package_identification:_identify(/home/jason/D/HRS/my-HRS-fork-from-ZhaoYuan/src/ainex_vision) by extensions ['colcon_pkg']
[0.229s] Level 1:colcon.colcon_core.package_identification:_identify(/home/jason/D/HRS/my-HRS-fork-from-ZhaoYuan/src/ainex_vision) by extension 'colcon_pkg'
[0.229s] Level 1:colcon.colcon_core.package_identification:_identify(/home/jason/D/HRS/my-HRS-fork-from-ZhaoYuan/src/ainex_vision) by extensions ['colcon_meta']
[0.229s] Level 1:colcon.colcon_core.package_identification:_identify(/home/jason/D/HRS/my-HRS-fork-from-ZhaoYuan/src/ainex_vision) by extension 'colcon_meta'
[0.229s] Level 1:colcon.colcon_core.package_identification:_identify(/home/jason/D/HRS/my-HRS-fork-from-ZhaoYuan/src/ainex_vision) by extensions ['ros']
[0.229s] Level 1:colcon.colcon_core.package_identification:_identify(/home/jason/D/HRS/my-HRS-fork-from-ZhaoYuan/src/ainex_vision) by extension 'ros'
[0.229s] DEBUG:colcon.colcon_core.package_identification:Package '/home/jason/D/HRS/my-HRS-fork-from-ZhaoYuan/src/ainex_vision' with type 'ros.ament_python' and name 'ainex_vision'
[0.230s] Level 1:colcon.colcon_core.package_identification:_identify(/home/jason/D/HRS/my-HRS-fork-from-ZhaoYuan/src/face_search_and_wave) by extensions ['ignore', 'ignore_ament_install']
[0.230s] Level 1:colcon.colcon_core.package_identification:_identify(/home/jason/D/HRS/my-HRS-fork-from-ZhaoYuan/src/face_search_and_wave) by extension 'ignore'
[0.230s] Level 1:colcon.colcon_core.package_identification:_identify(/home/jason/D/HRS/my-HRS-fork-from-ZhaoYuan/src/face_search_and_wave) by extension 'ignore_ament_install'
[0.230s] Level 1:colcon.colcon_core.package_identification:_identify(/home/jason/D/HRS/my-HRS-fork-from-ZhaoYuan/src/face_search_and_wave) by extensions ['colcon_pkg']
[0.230s] Level 1:colcon.colcon_core.package_identification:_identify(/home/jason/D/HRS/my-HRS-fork-from-ZhaoYuan/src/face_search_and_wave) by extension 'colcon_pkg'
[0.230s] Level 1:colcon.colcon_core.package_identification:_identify(/home/jason/D/HRS/my-HRS-fork-from-ZhaoYuan/src/face_search_and_wave) by extensions ['colcon_meta']
[0.230s] Level 1:colcon.colcon_core.package_identification:_identify(/home/jason/D/HRS/my-HRS-fork-from-ZhaoYuan/src/face_search_and_wave) by extension 'colcon_meta'
[0.230s] Level 1:colcon.colcon_core.package_identification:_identify(/home/jason/D/HRS/my-HRS-fork-from-ZhaoYuan/src/face_search_and_wave) by extensions ['ros']
[0.230s] Level 1:colcon.colcon_core.package_identification:_identify(/home/jason/D/HRS/my-HRS-fork-from-ZhaoYuan/src/face_search_and_wave) by extension 'ros'
[0.230s] DEBUG:colcon.colcon_core.package_identification:Package '/home/jason/D/HRS/my-HRS-fork-from-ZhaoYuan/src/face_search_and_wave' with type 'ros.ament_python' and name 'face_search_and_wave'
[0.231s] Level 1:colcon.colcon_core.package_identification:_identify(/home/jason/D/HRS/my-HRS-fork-from-ZhaoYuan/src/log) by extensions ['ignore', 'ignore_ament_install']
[0.231s] Level 1:colcon.colcon_core.package_identification:_identify(/home/jason/D/HRS/my-HRS-fork-from-ZhaoYuan/src/log) by extension 'ignore'
[0.231s] Level 1:colcon.colcon_core.package_identification:_identify(/home/jason/D/HRS/my-HRS-fork-from-ZhaoYuan/src/log) ignored
[0.231s] Level 1:colcon.colcon_core.package_identification:_identify(/home/jason/D/HRS/my-HRS-fork-from-ZhaoYuan/src/servo_service) by extensions ['ignore', 'ignore_ament_install']
[0.231s] Level 1:colcon.colcon_core.package_identification:_identify(/home/jason/D/HRS/my-HRS-fork-from-ZhaoYuan/src/servo_service) by extension 'ignore'
[0.231s] Level 1:colcon.colcon_core.package_identification:_identify(/home/jason/D/HRS/my-HRS-fork-from-ZhaoYuan/src/servo_service) by extension 'ignore_ament_install'
[0.231s] Level 1:colcon.colcon_core.package_identification:_identify(/home/jason/D/HRS/my-HRS-fork-from-ZhaoYuan/src/servo_service) by extensions ['colcon_pkg']
[0.231s] Level 1:colcon.colcon_core.package_identification:_identify(/home/jason/D/HRS/my-HRS-fork-from-ZhaoYuan/src/servo_service) by extension 'colcon_pkg'
[0.231s] Level 1:colcon.colcon_core.package_identification:_identify(/home/jason/D/HRS/my-HRS-fork-from-ZhaoYuan/src/servo_service) by extensions ['colcon_meta']
[0.231s] Level 1:colcon.colcon_core.package_identification:_identify(/home/jason/D/HRS/my-HRS-fork-from-ZhaoYuan/src/servo_service) by extension 'colcon_meta'
[0.231s] Level 1:colcon.colcon_core.package_identification:_identify(/home/jason/D/HRS/my-HRS-fork-from-ZhaoYuan/src/servo_service) by extensions ['ros']
[0.231s] Level 1:colcon.colcon_core.package_identification:_identify(/home/jason/D/HRS/my-HRS-fork-from-ZhaoYuan/src/servo_service) by extension 'ros'
[0.233s] DEBUG:colcon.colcon_core.package_identification:Package '/home/jason/D/HRS/my-HRS-fork-from-ZhaoYuan/src/servo_service' with type 'ros.ament_cmake' and name 'servo_service'
[0.233s] Level 1:colcon.colcon_core.package_discovery:discover_packages(recursive) using defaults
